mode: set
gopherkv/data/gkvList.go:28.55,34.2 4 0
gopherkv/data/gkvList.go:39.63,43.60 2 0
gopherkv/data/gkvList.go:43.60,44.35 1 0
gopherkv/data/gkvList.go:44.35,52.4 6 0
gopherkv/data/gkvList.go:55.2,57.8 3 0
gopherkv/data/gkvList.go:63.44,68.2 4 0
gopherkv/data/gkvList.go:73.47,77.32 4 0
gopherkv/data/gkvList.go:77.32,79.3 1 0
gopherkv/data/gkvList.go:80.2,80.13 1 0
gopherkv/data/gkvList.go:84.55,88.2 3 0
gopherkv/data/gkvList.go:91.57,95.44 3 0
gopherkv/data/gkvList.go:95.44,98.3 2 0
gopherkv/data/gkvList.go:102.62,107.44 3 0
gopherkv/data/gkvList.go:107.44,109.3 1 0
gopherkv/data/gkvList.go:112.2,114.13 3 0
gopherkv/data/gkvList.go:118.62,123.45 3 0
gopherkv/data/gkvList.go:123.45,125.3 1 0
gopherkv/data/gkvList.go:128.2,130.13 3 0
gopherkv/data/gkvList.go:136.50,140.45 3 0
gopherkv/data/gkvList.go:140.45,142.3 1 0
gopherkv/data/gkvList.go:144.2,145.13 2 0
gopherkv/data/gkvList.go:145.13,147.3 1 0
gopherkv/data/gkvList.go:149.2,150.20 2 0
gopherkv/data/gkvList.go:150.20,152.3 1 0
gopherkv/data/gkvList.go:153.2,153.40 1 0
gopherkv/data/gkvNumber.go:28.59,34.2 4 0
gopherkv/data/gkvNumber.go:39.67,43.62 2 0
gopherkv/data/gkvNumber.go:43.62,44.35 1 0
gopherkv/data/gkvNumber.go:44.35,52.4 6 0
gopherkv/data/gkvNumber.go:55.2,57.8 3 0
gopherkv/data/gkvNumber.go:63.48,68.2 4 0
gopherkv/data/gkvNumber.go:73.51,77.34 4 0
gopherkv/data/gkvNumber.go:77.34,79.3 1 0
gopherkv/data/gkvNumber.go:80.2,80.13 1 0
gopherkv/data/gkvNumber.go:84.59,88.2 3 0
gopherkv/data/gkvNumber.go:91.61,95.46 3 0
gopherkv/data/gkvNumber.go:95.46,98.3 2 0
gopherkv/data/gkvNumber.go:102.66,107.46 3 0
gopherkv/data/gkvNumber.go:107.46,109.3 1 0
gopherkv/data/gkvNumber.go:112.2,114.13 3 0
gopherkv/data/gkvNumber.go:118.66,123.47 3 0
gopherkv/data/gkvNumber.go:123.47,125.3 1 0
gopherkv/data/gkvNumber.go:128.2,130.13 3 0
gopherkv/data/gkvNumber.go:136.54,140.47 3 0
gopherkv/data/gkvNumber.go:140.47,142.3 1 0
gopherkv/data/gkvNumber.go:144.2,145.13 2 0
gopherkv/data/gkvNumber.go:145.13,147.3 1 0
gopherkv/data/gkvNumber.go:149.2,150.20 2 0
gopherkv/data/gkvNumber.go:150.20,152.3 1 0
gopherkv/data/gkvNumber.go:153.2,153.40 1 0
gopherkv/data/gkvString.go:28.59,34.2 4 1
gopherkv/data/gkvString.go:39.67,42.62 2 1
gopherkv/data/gkvString.go:42.62,43.35 1 1
gopherkv/data/gkvString.go:43.35,51.4 6 1
gopherkv/data/gkvString.go:53.2,55.8 3 1
gopherkv/data/gkvString.go:61.48,66.2 4 1
gopherkv/data/gkvString.go:71.51,75.34 4 1
gopherkv/data/gkvString.go:75.34,77.3 1 1
gopherkv/data/gkvString.go:78.2,78.13 1 1
gopherkv/data/gkvString.go:82.68,86.36 4 1
gopherkv/data/gkvString.go:86.36,88.3 1 1
gopherkv/data/gkvString.go:89.2,89.8 1 1
gopherkv/data/gkvString.go:93.61,96.46 3 1
gopherkv/data/gkvString.go:96.46,99.3 2 1
gopherkv/data/gkvString.go:103.66,106.46 3 1
gopherkv/data/gkvString.go:106.46,108.3 1 1
gopherkv/data/gkvString.go:109.2,111.13 3 1
gopherkv/data/gkvString.go:115.66,118.47 3 1
gopherkv/data/gkvString.go:118.47,120.3 1 1
gopherkv/data/gkvString.go:121.2,123.13 3 1
gopherkv/data/gkvString.go:129.54,132.47 3 1
gopherkv/data/gkvString.go:132.47,134.3 1 1
gopherkv/data/gkvString.go:135.2,136.13 2 1
gopherkv/data/gkvString.go:136.13,138.3 1 1
gopherkv/data/gkvString.go:139.2,140.20 2 1
gopherkv/data/gkvString.go:140.20,142.3 1 1
gopherkv/data/gkvString.go:143.2,143.40 1 1
gopherkv/data/keyLock.go:23.29,27.2 3 1
gopherkv/data/keyLock.go:34.28,38.2 1 1
gopherkv/data/keyLock.go:45.46,50.9 4 1
gopherkv/data/keyLock.go:50.9,53.3 2 1
gopherkv/data/keyLock.go:54.2,55.17 2 1
gopherkv/data/keyLock.go:63.48,66.49 3 1
gopherkv/data/keyLock.go:66.49,68.3 1 1
gopherkv/data/keyLock.go:69.2,69.28 1 1
gopherkv/data/keyLock.go:77.46,82.9 4 1
gopherkv/data/keyLock.go:82.9,85.3 2 1
gopherkv/data/keyLock.go:86.2,87.17 2 1
gopherkv/data/keyLock.go:95.48,98.49 3 1
gopherkv/data/keyLock.go:98.49,100.3 1 1
gopherkv/data/keyLock.go:101.2,101.28 1 1
